<?xml version="1.0" encoding="UTF-8"?>
<!-- Generated by org.testng.reporters.JUnitReportReporter -->
<testsuite skipped="0" hostname="DESKTOP-UIVFTDF" name="org.test.DcKapTest" tests="1" failures="0" timestamp="06 Sep 2024 18:31:43 GMT" time="9.632" errors="0">
  <testcase name="test1" time="9.632" classname="org.test.DcKapTest"/>
</testsuite> <!-- org.test.DcKapTest -->
